<?xml version="1.0" encoding="UTF-8"?>
<!-- Generated by org.testng.reporters.JUnitReportReporter -->
<testsuite skipped="0" hostname="Akash-Badnale" name="com.ab.TestNextGeneration.CharAsciiConversionTest" tests="12" failures="0" timestamp="20 Jul 2018 10:59:03 GMT" time="0.031" errors="0">
  <testcase name="charToAsciiTest" time="0.000" classname="com.ab.TestNextGeneration.CharAsciiConversionTest"/>
  <testcase name="charToAsciiTest" time="0.000" classname="com.ab.TestNextGeneration.CharAsciiConversionTest"/>
  <testcase name="charToAsciiTest" time="0.000" classname="com.ab.TestNextGeneration.CharAsciiConversionTest"/>
  <testcase name="charToAsciiTest" time="0.016" classname="com.ab.TestNextGeneration.CharAsciiConversionTest"/>
  <testcase name="charToAsciiTest" time="0.000" classname="com.ab.TestNextGeneration.CharAsciiConversionTest"/>
  <testcase name="charToAsciiTest" time="0.000" classname="com.ab.TestNextGeneration.CharAsciiConversionTest"/>
  <testcase name="charToAsciiTest" time="0.000" classname="com.ab.TestNextGeneration.CharAsciiConversionTest"/>
  <testcase name="charToAsciiTest" time="0.000" classname="com.ab.TestNextGeneration.CharAsciiConversionTest"/>
  <testcase name="charToAsciiTest" time="0.000" classname="com.ab.TestNextGeneration.CharAsciiConversionTest"/>
  <testcase name="charToAsciiTest" time="0.000" classname="com.ab.TestNextGeneration.CharAsciiConversionTest"/>
  <testcase name="charToAsciiTest" time="0.013" classname="com.ab.TestNextGeneration.CharAsciiConversionTest"/>
  <testcase name="charToAsciiTest" time="0.002" classname="com.ab.TestNextGeneration.CharAsciiConversionTest"/>
</testsuite> <!-- com.ab.TestNextGeneration.CharAsciiConversionTest -->
