<?xml version="1.0" encoding="UTF-8"?>
<!-- Generated by org.testng.reporters.JUnitReportReporter -->
<testsuite skipped="0" hostname="Akash-Badnale" name="com.ab.TestNextGeneration.calculator.CalculatorTest" tests="16" failures="0" timestamp="25 Jul 2018 08:02:29 GMT" time="0.070" errors="0">
  <testcase name="addMethodTest3" time="0.004" classname="com.ab.TestNextGeneration.calculator.CalculatorTest"/>
  <testcase name="addMethodTest4" time="0.004" classname="com.ab.TestNextGeneration.calculator.CalculatorTest"/>
  <testcase name="divisionMethodTest" time="0.000" classname="com.ab.TestNextGeneration.calculator.CalculatorTest"/>
  <testcase name="divisionMethodTest" time="0.005" classname="com.ab.TestNextGeneration.calculator.CalculatorTest"/>
  <testcase name="substractMethodTest3" time="0.000" classname="com.ab.TestNextGeneration.calculator.CalculatorTest"/>
  <testcase name="multiplyMethodTest" time="0.004" classname="com.ab.TestNextGeneration.calculator.CalculatorTest"/>
  <testcase name="substractMethodTest2" time="0.000" classname="com.ab.TestNextGeneration.calculator.CalculatorTest"/>
  <testcase name="substractMethodTest" time="0.032" classname="com.ab.TestNextGeneration.calculator.CalculatorTest"/>
  <testcase name="divisionMethodTest" time="0.002" classname="com.ab.TestNextGeneration.calculator.CalculatorTest"/>
  <testcase name="multiplyMethodTest" time="0.009" classname="com.ab.TestNextGeneration.calculator.CalculatorTest"/>
  <testcase name="addMethodTest2" time="0.000" classname="com.ab.TestNextGeneration.calculator.CalculatorTest"/>
  <testcase name="multiplyMethodTest" time="0.001" classname="com.ab.TestNextGeneration.calculator.CalculatorTest"/>
  <testcase name="addMethodTest" time="0.001" classname="com.ab.TestNextGeneration.calculator.CalculatorTest"/>
  <testcase name="multiplyMethodTest" time="0.003" classname="com.ab.TestNextGeneration.calculator.CalculatorTest"/>
  <testcase name="divisionMethodTest" time="0.004" classname="com.ab.TestNextGeneration.calculator.CalculatorTest"/>
  <testcase name="substractMethodTest4" time="0.001" classname="com.ab.TestNextGeneration.calculator.CalculatorTest"/>
</testsuite> <!-- com.ab.TestNextGeneration.calculator.CalculatorTest -->
