<?xml version="1.0" encoding="UTF-8"?>
<!-- Generated by org.testng.reporters.JUnitReportReporter -->
<testsuite skipped="0" hostname="Akash-Badnale" name="com.ab.TestNextGeneration.CalculatorTest" tests="24" failures="0" timestamp="20 Jul 2018 10:55:55 GMT" time="0.031" errors="0">
  <testcase name="substractMethodTest" time="0.000" classname="com.ab.TestNextGeneration.CalculatorTest"/>
  <testcase name="addMethodTest" time="0.000" classname="com.ab.TestNextGeneration.CalculatorTest"/>
  <testcase name="substractMethodTest" time="0.000" classname="com.ab.TestNextGeneration.CalculatorTest"/>
  <testcase name="substractMethodTest2" time="0.000" classname="com.ab.TestNextGeneration.CalculatorTest"/>
  <testcase name="multiplyMethodTest" time="0.000" classname="com.ab.TestNextGeneration.CalculatorTest"/>
  <testcase name="divisionMethodTest" time="0.015" classname="com.ab.TestNextGeneration.CalculatorTest"/>
  <testcase name="addMethodTest2" time="0.000" classname="com.ab.TestNextGeneration.CalculatorTest"/>
  <testcase name="addMethodTest2" time="0.000" classname="com.ab.TestNextGeneration.CalculatorTest"/>
  <testcase name="divisionMethodTest" time="0.000" classname="com.ab.TestNextGeneration.CalculatorTest"/>
  <testcase name="substractMethodTest" time="0.000" classname="com.ab.TestNextGeneration.CalculatorTest"/>
  <testcase name="substractMethodTest" time="0.000" classname="com.ab.TestNextGeneration.CalculatorTest"/>
  <testcase name="divisionMethodTest" time="0.000" classname="com.ab.TestNextGeneration.CalculatorTest"/>
  <testcase name="substractMethodTest4" time="0.000" classname="com.ab.TestNextGeneration.CalculatorTest"/>
  <testcase name="divisionMethodTest" time="0.000" classname="com.ab.TestNextGeneration.CalculatorTest"/>
  <testcase name="multiplyMethodTest" time="0.000" classname="com.ab.TestNextGeneration.CalculatorTest"/>
  <testcase name="substractMethodTest3" time="0.016" classname="com.ab.TestNextGeneration.CalculatorTest"/>
  <testcase name="addMethodTest" time="0.000" classname="com.ab.TestNextGeneration.CalculatorTest"/>
  <testcase name="substractMethodTest3" time="0.000" classname="com.ab.TestNextGeneration.CalculatorTest"/>
  <testcase name="substractMethodTest4" time="0.000" classname="com.ab.TestNextGeneration.CalculatorTest"/>
  <testcase name="addMethodTest" time="0.000" classname="com.ab.TestNextGeneration.CalculatorTest"/>
  <testcase name="multiplyMethodTest" time="0.000" classname="com.ab.TestNextGeneration.CalculatorTest"/>
  <testcase name="addMethodTest" time="0.000" classname="com.ab.TestNextGeneration.CalculatorTest"/>
  <testcase name="multiplyMethodTest" time="0.000" classname="com.ab.TestNextGeneration.CalculatorTest"/>
  <testcase name="substractMethodTest2" time="0.000" classname="com.ab.TestNextGeneration.CalculatorTest"/>
</testsuite> <!-- com.ab.TestNextGeneration.CalculatorTest -->
